(T): 100%|██████████████████████████████████████████████████████████████████████████████████████████████████| 200/200 [11:04<00:00,  3.32s/it, loss=5.67]
(LR): 100%|██████████████████████████████████████████████████████████████████████████████████████| 200/200 [00:00<00:00, best test F1Mi=0.626, F1Ma=0.54]
(T): 100%|██████████████████████████████████████████████████████████████████████████████████████████████████| 200/200 [06:15<00:00,  1.88s/it, loss=5.88]
(LR): 100%|█████████████████████████████████████████████████████████████████████████████████████| 200/200 [00:00<00:00, best test F1Mi=0.578, F1Ma=0.495]
(T): 100%|██████████████████████████████████████████████████████████████████████████████████████████████████| 200/200 [03:55<00:00,  1.18s/it, loss=5.41]
(LR): 100%|█████████████████████████████████████████████████████████████████████████████████████| 200/200 [00:00<00:00, best test F1Mi=0.524, F1Ma=0.453]
(T): 100%|██████████████████████████████████████████████████████████████████████████████████████████████████| 200/200 [03:13<00:00,  1.03it/s, loss=5.22]
(LR): 100%|█████████████████████████████████████████████████████████████████████████████████████| 200/200 [00:00<00:00, best test F1Mi=0.494, F1Ma=0.422]
=================================================================
PPRDiffusion_alpha=0.01
(E): Best test F1Mi=0.6257, F1Ma=0.5399
=================================================================
PPRDiffusion_alpha=0.05
(E): Best test F1Mi=0.5778, F1Ma=0.4945
=================================================================
PPRDiffusion_alpha=0.1
(E): Best test F1Mi=0.5240, F1Ma=0.4525
=================================================================
PPRDiffusion_alpha=0.2
(E): Best test F1Mi=0.4940, F1Ma=0.4218
