Done loading data from cached files.
(T): 100%|██████████████████████████████████████████████████████████████████████████████████████████████████| 200/200 [02:14<00:00,  1.48it/s, loss=5.42]
(LR): 100%|██████████████████████████████████████████████████████████████████████████████████████| 200/200 [00:00<00:00, best test F1Mi=0.65, F1Ma=0.546]
(T): 100%|██████████████████████████████████████████████████████████████████████████████████████████████████| 200/200 [02:13<00:00,  1.50it/s, loss=5.56]
(LR): 100%|█████████████████████████████████████████████████████████████████████████████████████| 200/200 [00:00<00:00, best test F1Mi=0.626, F1Ma=0.546]
(T): 100%|██████████████████████████████████████████████████████████████████████████████████████████████████| 200/200 [02:13<00:00,  1.50it/s, loss=5.57]
(LR): 100%|█████████████████████████████████████████████████████████████████████████████████████| 200/200 [00:00<00:00, best test F1Mi=0.653, F1Ma=0.563]
(T): 100%|██████████████████████████████████████████████████████████████████████████████████████████████████| 200/200 [02:13<00:00,  1.50it/s, loss=5.54]
(LR): 100%|█████████████████████████████████████████████████████████████████████████████████████| 200/200 [00:00<00:00, best test F1Mi=0.677, F1Ma=0.599]
(T): 100%|███████████████████████████████████████████████████████████████████████████████████████████████████| 200/200 [02:13<00:00,  1.49it/s, loss=5.5]
(LR): 100%|█████████████████████████████████████████████████████████████████████████████████████| 200/200 [00:00<00:00, best test F1Mi=0.695, F1Ma=0.591]
(T): 100%|██████████████████████████████████████████████████████████████████████████████████████████████████| 200/200 [02:13<00:00,  1.49it/s, loss=5.77]
(LR): 100%|█████████████████████████████████████████████████████████████████████████████████████| 200/200 [00:00<00:00, best test F1Mi=0.746, F1Ma=0.635]
(T): 100%|██████████████████████████████████████████████████████████████████████████████████████████████████| 200/200 [02:14<00:00,  1.49it/s, loss=5.63]
(LR): 100%|█████████████████████████████████████████████████████████████████████████████████████| 200/200 [00:00<00:00, best test F1Mi=0.701, F1Ma=0.603]
(T): 100%|██████████████████████████████████████████████████████████████████████████████████████████████████| 200/200 [02:13<00:00,  1.50it/s, loss=5.73]
(LR): 100%|█████████████████████████████████████████████████████████████████████████████████████| 200/200 [00:00<00:00, best test F1Mi=0.593, F1Ma=0.512]
(T): 100%|██████████████████████████████████████████████████████████████████████████████████████████████████| 200/200 [02:13<00:00,  1.49it/s, loss=5.87]
(LR): 100%|█████████████████████████████████████████████████████████████████████████████████████| 200/200 [00:00<00:00, best test F1Mi=0.629, F1Ma=0.546]
(T): 100%|██████████████████████████████████████████████████████████████████████████████████████████████████| 200/200 [02:13<00:00,  1.49it/s, loss=5.44]
(LR): 100%|█████████████████████████████████████████████████████████████████████████████████████| 200/200 [00:00<00:00, best test F1Mi=0.701, F1Ma=0.603]
(T): 100%|██████████████████████████████████████████████████████████████████████████████████████████████████| 200/200 [02:13<00:00,  1.50it/s, loss=5.54]
(LR): 100%|█████████████████████████████████████████████████████████████████████████████████████| 200/200 [00:00<00:00, best test F1Mi=0.689, F1Ma=0.591]
(T): 100%|██████████████████████████████████████████████████████████████████████████████████████████████████| 200/200 [02:13<00:00,  1.49it/s, loss=5.48]
(LR): 100%|██████████████████████████████████████████████████████████████████████████████████████| 200/200 [00:00<00:00, best test F1Mi=0.635, F1Ma=0.55]
(T): 100%|██████████████████████████████████████████████████████████████████████████████████████████████████| 200/200 [02:13<00:00,  1.49it/s, loss=5.62]
(LR): 100%|█████████████████████████████████████████████████████████████████████████████████████| 200/200 [00:00<00:00, best test F1Mi=0.659, F1Ma=0.577]
(T): 100%|██████████████████████████████████████████████████████████████████████████████████████████████████| 200/200 [02:14<00:00,  1.49it/s, loss=5.79]
(LR): 100%|█████████████████████████████████████████████████████████████████████████████████████| 200/200 [00:00<00:00, best test F1Mi=0.659, F1Ma=0.577]
(T): 100%|██████████████████████████████████████████████████████████████████████████████████████████████████| 200/200 [02:13<00:00,  1.50it/s, loss=5.58]
(LR): 100%|██████████████████████████████████████████████████████████████████████████████████████| 200/200 [00:00<00:00, best test F1Mi=0.626, F1Ma=0.54]
(T): 100%|███████████████████████████████████████████████████████████████████████████████████████████████████| 200/200 [02:13<00:00,  1.50it/s, loss=5.4]
(LR): 100%|█████████████████████████████████████████████████████████████████████████████████████| 200/200 [00:00<00:00, best test F1Mi=0.689, F1Ma=0.604]
(T): 100%|██████████████████████████████████████████████████████████████████████████████████████████████████| 200/200 [02:13<00:00,  1.50it/s, loss=5.51]
(LR): 100%|█████████████████████████████████████████████████████████████████████████████████████| 200/200 [00:00<00:00, best test F1Mi=0.677, F1Ma=0.585]
(T): 100%|██████████████████████████████████████████████████████████████████████████████████████████████████| 200/200 [02:13<00:00,  1.50it/s, loss=5.41]
(LR): 100%|█████████████████████████████████████████████████████████████████████████████████████| 200/200 [00:00<00:00, best test F1Mi=0.656, F1Ma=0.573]
(T): 100%|██████████████████████████████████████████████████████████████████████████████████████████████████| 200/200 [02:13<00:00,  1.50it/s, loss=5.58]
(LR): 100%|█████████████████████████████████████████████████████████████████████████████████████| 200/200 [00:00<00:00, best test F1Mi=0.671, F1Ma=0.588]
(T): 100%|███████████████████████████████████████████████████████████████████████████████████████████████████| 200/200 [02:13<00:00,  1.49it/s, loss=5.6]
(LR): 100%|█████████████████████████████████████████████████████████████████████████████████████| 200/200 [00:00<00:00, best test F1Mi=0.653, F1Ma=0.564]
(T): 100%|██████████████████████████████████████████████████████████████████████████████████████████████████| 200/200 [02:14<00:00,  1.49it/s, loss=5.61]
(LR): 100%|█████████████████████████████████████████████████████████████████████████████████████| 200/200 [00:00<00:00, best test F1Mi=0.689, F1Ma=0.604]
(T): 100%|██████████████████████████████████████████████████████████████████████████████████████████████████| 200/200 [02:13<00:00,  1.50it/s, loss=5.45]
(LR): 100%|█████████████████████████████████████████████████████████████████████████████████████| 200/200 [00:00<00:00, best test F1Mi=0.677, F1Ma=0.584]
(T): 100%|██████████████████████████████████████████████████████████████████████████████████████████████████| 200/200 [02:13<00:00,  1.50it/s, loss=5.51]
(LR): 100%|█████████████████████████████████████████████████████████████████████████████████████| 200/200 [00:00<00:00, best test F1Mi=0.638, F1Ma=0.546]
(T): 100%|██████████████████████████████████████████████████████████████████████████████████████████████████| 200/200 [02:13<00:00,  1.50it/s, loss=5.65]
(LR): 100%|█████████████████████████████████████████████████████████████████████████████████████| 200/200 [00:00<00:00, best test F1Mi=0.641, F1Ma=0.563]
(T): 100%|██████████████████████████████████████████████████████████████████████████████████████████████████| 200/200 [02:13<00:00,  1.49it/s, loss=5.49]
(LR): 100%|█████████████████████████████████████████████████████████████████████████████████████| 200/200 [00:00<00:00, best test F1Mi=0.626, F1Ma=0.533]
(T): 100%|██████████████████████████████████████████████████████████████████████████████████████████████████| 200/200 [02:17<00:00,  1.45it/s, loss=5.55]
(LR): 100%|█████████████████████████████████████████████████████████████████████████████████████| 200/200 [00:00<00:00, best test F1Mi=0.671, F1Ma=0.574]
(T): 100%|██████████████████████████████████████████████████████████████████████████████████████████████████| 200/200 [02:43<00:00,  1.22it/s, loss=5.47]
(LR): 100%|█████████████████████████████████████████████████████████████████████████████████████| 200/200 [00:00<00:00, best test F1Mi=0.644, F1Ma=0.559]
(T): 100%|██████████████████████████████████████████████████████████████████████████████████████████████████| 200/200 [02:14<00:00,  1.48it/s, loss=6.07]
(LR): 100%|█████████████████████████████████████████████████████████████████████████████████████| 200/200 [00:00<00:00, best test F1Mi=0.602, F1Ma=0.533]
(T): 100%|██████████████████████████████████████████████████████████████████████████████████████████████████| 200/200 [02:13<00:00,  1.49it/s, loss=5.58]
(LR): 100%|██████████████████████████████████████████████████████████████████████████████████████| 200/200 [00:00<00:00, best test F1Mi=0.74, F1Ma=0.631]
(T): 100%|██████████████████████████████████████████████████████████████████████████████████████████████████| 200/200 [02:14<00:00,  1.48it/s, loss=5.74]
(LR): 100%|██████████████████████████████████████████████████████████████████████████████████████| 200/200 [00:00<00:00, best test F1Mi=0.65, F1Ma=0.576]
(T): 100%|██████████████████████████████████████████████████████████████████████████████████████████████████| 200/200 [02:16<00:00,  1.47it/s, loss=5.72]
(LR): 100%|██████████████████████████████████████████████████████████████████████████████████████| 200/200 [00:00<00:00, best test F1Mi=0.632, F1Ma=0.54]
(T): 100%|██████████████████████████████████████████████████████████████████████████████████████████████████| 200/200 [02:14<00:00,  1.48it/s, loss=5.72]
(LR): 100%|█████████████████████████████████████████████████████████████████████████████████████| 200/200 [00:00<00:00, best test F1Mi=0.653, F1Ma=0.566]
(T): 100%|███████████████████████████████████████████████████████████████████████████████████████████████████| 200/200 [02:14<00:00,  1.49it/s, loss=5.9]
(LR): 100%|█████████████████████████████████████████████████████████████████████████████████████| 200/200 [00:00<00:00, best test F1Mi=0.581, F1Ma=0.516]
(T): 100%|██████████████████████████████████████████████████████████████████████████████████████████████████| 200/200 [02:15<00:00,  1.48it/s, loss=5.61]
(LR): 100%|██████████████████████████████████████████████████████████████████████████████████████| 200/200 [00:00<00:00, best test F1Mi=0.665, F1Ma=0.58]
(T): 100%|███████████████████████████████████████████████████████████████████████████████████████████████████| 200/200 [02:31<00:00,  1.32it/s, loss=5.7]
(LR): 100%|█████████████████████████████████████████████████████████████████████████████████████| 200/200 [00:00<00:00, best test F1Mi=0.689, F1Ma=0.612]
(T): 100%|██████████████████████████████████████████████████████████████████████████████████████████████████| 200/200 [02:30<00:00,  1.33it/s, loss=5.64]
(LR): 100%|█████████████████████████████████████████████████████████████████████████████████████| 200/200 [00:00<00:00, best test F1Mi=0.698, F1Ma=0.595]
(T): 100%|██████████████████████████████████████████████████████████████████████████████████████████████████| 200/200 [02:30<00:00,  1.33it/s, loss=5.52]
(LR): 100%|█████████████████████████████████████████████████████████████████████████████████████| 200/200 [00:00<00:00, best test F1Mi=0.665, F1Ma=0.572]
(T): 100%|██████████████████████████████████████████████████████████████████████████████████████████████████| 200/200 [02:32<00:00,  1.31it/s, loss=5.56]
(LR): 100%|██████████████████████████████████████████████████████████████████████████████████████| 200/200 [00:00<00:00, best test F1Mi=0.602, F1Ma=0.53]
(T): 100%|██████████████████████████████████████████████████████████████████████████████████████████████████| 200/200 [02:36<00:00,  1.28it/s, loss=5.46]
(LR): 100%|█████████████████████████████████████████████████████████████████████████████████████| 200/200 [00:00<00:00, best test F1Mi=0.656, F1Ma=0.574]
(T): 100%|███████████████████████████████████████████████████████████████████████████████████████████████████| 200/200 [02:27<00:00,  1.35it/s, loss=5.7]
(LR): 100%|█████████████████████████████████████████████████████████████████████████████████████| 200/200 [00:00<00:00, best test F1Mi=0.689, F1Ma=0.593]
(T): 100%|███████████████████████████████████████████████████████████████████████████████████████████████████| 200/200 [02:16<00:00,  1.46it/s, loss=5.7]
(LR): 100%|██████████████████████████████████████████████████████████████████████████████████████| 200/200 [00:00<00:00, best test F1Mi=0.59, F1Ma=0.524]
(T): 100%|██████████████████████████████████████████████████████████████████████████████████████████████████| 200/200 [02:14<00:00,  1.49it/s, loss=5.56]
(LR): 100%|█████████████████████████████████████████████████████████████████████████████████████| 200/200 [00:00<00:00, best test F1Mi=0.629, F1Ma=0.554]
(T): 100%|██████████████████████████████████████████████████████████████████████████████████████████████████| 200/200 [02:13<00:00,  1.50it/s, loss=5.58]
(LR): 100%|██████████████████████████████████████████████████████████████████████████████████████| 200/200 [00:00<00:00, best test F1Mi=0.68, F1Ma=0.588]
(T): 100%|███████████████████████████████████████████████████████████████████████████████████████████████████| 200/200 [02:13<00:00,  1.50it/s, loss=5.7]
(LR): 100%|█████████████████████████████████████████████████████████████████████████████████████| 200/200 [00:00<00:00, best test F1Mi=0.686, F1Ma=0.597]
(T): 100%|██████████████████████████████████████████████████████████████████████████████████████████████████| 200/200 [02:14<00:00,  1.49it/s, loss=5.99]
(LR): 100%|█████████████████████████████████████████████████████████████████████████████████████| 200/200 [00:00<00:00, best test F1Mi=0.677, F1Ma=0.577]
(T): 100%|██████████████████████████████████████████████████████████████████████████████████████████████████| 200/200 [02:19<00:00,  1.44it/s, loss=5.73]
(LR): 100%|█████████████████████████████████████████████████████████████████████████████████████| 200/200 [00:00<00:00, best test F1Mi=0.695, F1Ma=0.605]
(T): 100%|██████████████████████████████████████████████████████████████████████████████████████████████████| 200/200 [02:16<00:00,  1.46it/s, loss=5.48]
(LR): 100%|█████████████████████████████████████████████████████████████████████████████████████| 200/200 [00:00<00:00, best test F1Mi=0.653, F1Ma=0.568]
(T): 100%|██████████████████████████████████████████████████████████████████████████████████████████████████| 200/200 [02:19<00:00,  1.43it/s, loss=5.52]
(LR): 100%|█████████████████████████████████████████████████████████████████████████████████████| 200/200 [00:00<00:00, best test F1Mi=0.635, F1Ma=0.553]
(T): 100%|██████████████████████████████████████████████████████████████████████████████████████████████████| 200/200 [02:23<00:00,  1.39it/s, loss=5.55]
(LR): 100%|█████████████████████████████████████████████████████████████████████████████████████| 200/200 [00:00<00:00, best test F1Mi=0.668, F1Ma=0.588]
=================================================================
TopKSubgraph_k=10, RWSampling_walk_length=5
(E): Best test F1Mi=0.6497, F1Ma=0.5455
=================================================================
TopKSubgraph_k=10, RWSampling_walk_length=10
(E): Best test F1Mi=0.6257, F1Ma=0.5463
=================================================================
TopKSubgraph_k=10, RWSampling_walk_length=20
(E): Best test F1Mi=0.6527, F1Ma=0.5625
=================================================================
TopKSubgraph_k=10, RWSampling_walk_length=30
(E): Best test F1Mi=0.6766, F1Ma=0.5988
=================================================================
TopKSubgraph_k=10, RWSampling_walk_length=40
(E): Best test F1Mi=0.6946, F1Ma=0.5906
=================================================================
TopKSubgraph_k=10, RWSampling_walk_length=50
(E): Best test F1Mi=0.7455, F1Ma=0.6347
=================================================================
TopKSubgraph_k=10, RWSampling_walk_length=100
(E): Best test F1Mi=0.7006, F1Ma=0.6027
=================================================================
TopKSubgraph_k=30, RWSampling_walk_length=5
(E): Best test F1Mi=0.5928, F1Ma=0.5125
=================================================================
TopKSubgraph_k=30, RWSampling_walk_length=10
(E): Best test F1Mi=0.6287, F1Ma=0.5460
=================================================================
TopKSubgraph_k=30, RWSampling_walk_length=20
(E): Best test F1Mi=0.7006, F1Ma=0.6025
=================================================================
TopKSubgraph_k=30, RWSampling_walk_length=30
(E): Best test F1Mi=0.6886, F1Ma=0.5910
=================================================================
TopKSubgraph_k=30, RWSampling_walk_length=40
(E): Best test F1Mi=0.6347, F1Ma=0.5499
=================================================================
TopKSubgraph_k=30, RWSampling_walk_length=50
(E): Best test F1Mi=0.6587, F1Ma=0.5770
=================================================================
TopKSubgraph_k=30, RWSampling_walk_length=100
(E): Best test F1Mi=0.6587, F1Ma=0.5770
=================================================================
TopKSubgraph_k=60, RWSampling_walk_length=5
(E): Best test F1Mi=0.6257, F1Ma=0.5397
=================================================================
TopKSubgraph_k=60, RWSampling_walk_length=10
(E): Best test F1Mi=0.6886, F1Ma=0.6036
=================================================================
TopKSubgraph_k=60, RWSampling_walk_length=20
(E): Best test F1Mi=0.6766, F1Ma=0.5846
=================================================================
TopKSubgraph_k=60, RWSampling_walk_length=30
(E): Best test F1Mi=0.6557, F1Ma=0.5729
=================================================================
TopKSubgraph_k=60, RWSampling_walk_length=40
(E): Best test F1Mi=0.6707, F1Ma=0.5884
=================================================================
TopKSubgraph_k=60, RWSampling_walk_length=50
(E): Best test F1Mi=0.6527, F1Ma=0.5643
=================================================================
TopKSubgraph_k=60, RWSampling_walk_length=100
(E): Best test F1Mi=0.6886, F1Ma=0.6042
=================================================================
TopKSubgraph_k=80, RWSampling_walk_length=5
(E): Best test F1Mi=0.6766, F1Ma=0.5843
=================================================================
TopKSubgraph_k=80, RWSampling_walk_length=10
(E): Best test F1Mi=0.6377, F1Ma=0.5463
=================================================================
TopKSubgraph_k=80, RWSampling_walk_length=20
(E): Best test F1Mi=0.6407, F1Ma=0.5627
=================================================================
TopKSubgraph_k=80, RWSampling_walk_length=30
(E): Best test F1Mi=0.6257, F1Ma=0.5330
=================================================================
TopKSubgraph_k=80, RWSampling_walk_length=40
(E): Best test F1Mi=0.6707, F1Ma=0.5741
=================================================================
TopKSubgraph_k=80, RWSampling_walk_length=50
(E): Best test F1Mi=0.6437, F1Ma=0.5585
=================================================================
TopKSubgraph_k=80, RWSampling_walk_length=100
(E): Best test F1Mi=0.6018, F1Ma=0.5333
=================================================================
TopKSubgraph_k=90, RWSampling_walk_length=5
(E): Best test F1Mi=0.7395, F1Ma=0.6306
=================================================================
TopKSubgraph_k=90, RWSampling_walk_length=10
(E): Best test F1Mi=0.6497, F1Ma=0.5758
=================================================================
TopKSubgraph_k=90, RWSampling_walk_length=20
(E): Best test F1Mi=0.6317, F1Ma=0.5398
=================================================================
TopKSubgraph_k=90, RWSampling_walk_length=30
(E): Best test F1Mi=0.6527, F1Ma=0.5660
=================================================================
TopKSubgraph_k=90, RWSampling_walk_length=40
(E): Best test F1Mi=0.5808, F1Ma=0.5158
=================================================================
TopKSubgraph_k=90, RWSampling_walk_length=50
(E): Best test F1Mi=0.6647, F1Ma=0.5797
=================================================================
TopKSubgraph_k=90, RWSampling_walk_length=100
(E): Best test F1Mi=0.6886, F1Ma=0.6116
=================================================================
TopKSubgraph_k=100, RWSampling_walk_length=5
(E): Best test F1Mi=0.6976, F1Ma=0.5953
=================================================================
TopKSubgraph_k=100, RWSampling_walk_length=10
(E): Best test F1Mi=0.6647, F1Ma=0.5719
=================================================================
TopKSubgraph_k=100, RWSampling_walk_length=20
(E): Best test F1Mi=0.6018, F1Ma=0.5302
=================================================================
TopKSubgraph_k=100, RWSampling_walk_length=30
(E): Best test F1Mi=0.6557, F1Ma=0.5742
=================================================================
TopKSubgraph_k=100, RWSampling_walk_length=40
(E): Best test F1Mi=0.6886, F1Ma=0.5926
=================================================================
TopKSubgraph_k=100, RWSampling_walk_length=50
(E): Best test F1Mi=0.5898, F1Ma=0.5245
=================================================================
TopKSubgraph_k=100, RWSampling_walk_length=100
(E): Best test F1Mi=0.6287, F1Ma=0.5538
=================================================================
TopKSubgraph_k=120, RWSampling_walk_length=5
(E): Best test F1Mi=0.6796, F1Ma=0.5877
=================================================================
TopKSubgraph_k=120, RWSampling_walk_length=10
(E): Best test F1Mi=0.6856, F1Ma=0.5974
=================================================================
TopKSubgraph_k=120, RWSampling_walk_length=20
(E): Best test F1Mi=0.6766, F1Ma=0.5770
=================================================================
TopKSubgraph_k=120, RWSampling_walk_length=30
(E): Best test F1Mi=0.6946, F1Ma=0.6052
=================================================================
TopKSubgraph_k=120, RWSampling_walk_length=40
(E): Best test F1Mi=0.6527, F1Ma=0.5683
=================================================================
TopKSubgraph_k=120, RWSampling_walk_length=50
(E): Best test F1Mi=0.6347, F1Ma=0.5530
=================================================================
TopKSubgraph_k=120, RWSampling_walk_length=100
(E): Best test F1Mi=0.6677, F1Ma=0.5881
