[10, 120, 10]
(T): 100%|██████████████████████████████████████████████████████████████████████████████████████████████████| 200/200 [02:42<00:00,  1.23it/s, loss=5.43]
(LR): 100%|█████████████████████████████████████████████████████████████████████████████████████| 200/200 [00:00<00:00, best test F1Mi=0.674, F1Ma=0.586]
(T): 100%|██████████████████████████████████████████████████████████████████████████████████████████████████| 200/200 [02:40<00:00,  1.25it/s, loss=5.72]
(LR): 100%|█████████████████████████████████████████████████████████████████████████████████████| 200/200 [00:00<00:00, best test F1Mi=0.647, F1Ma=0.576]
(T): 100%|██████████████████████████████████████████████████████████████████████████████████████████████████| 200/200 [02:41<00:00,  1.24it/s, loss=5.56]
(LR): 100%|█████████████████████████████████████████████████████████████████████████████████████| 200/200 [00:00<00:00, best test F1Mi=0.659, F1Ma=0.574]
(T): 100%|██████████████████████████████████████████████████████████████████████████████████████████████████| 200/200 [02:40<00:00,  1.24it/s, loss=5.46]
(LR): 100%|█████████████████████████████████████████████████████████████████████████████████████| 200/200 [00:00<00:00, best test F1Mi=0.614, F1Ma=0.532]
(T): 100%|██████████████████████████████████████████████████████████████████████████████████████████████████| 200/200 [02:41<00:00,  1.24it/s, loss=5.59]
(LR): 100%|█████████████████████████████████████████████████████████████████████████████████████| 200/200 [00:00<00:00, best test F1Mi=0.635, F1Ma=0.572]
(T): 100%|███████████████████████████████████████████████████████████████████████████████████████████████████| 200/200 [02:44<00:00,  1.21it/s, loss=5.5]
(LR): 100%|█████████████████████████████████████████████████████████████████████████████████████| 200/200 [00:00<00:00, best test F1Mi=0.707, F1Ma=0.609]
(T): 100%|██████████████████████████████████████████████████████████████████████████████████████████████████| 200/200 [02:39<00:00,  1.26it/s, loss=5.44]
(LR): 100%|█████████████████████████████████████████████████████████████████████████████████████| 200/200 [00:00<00:00, best test F1Mi=0.587, F1Ma=0.529]
(T): 100%|██████████████████████████████████████████████████████████████████████████████████████████████████| 200/200 [02:38<00:00,  1.26it/s, loss=5.53]
(LR): 100%|█████████████████████████████████████████████████████████████████████████████████████| 200/200 [00:00<00:00, best test F1Mi=0.656, F1Ma=0.561]
(T): 100%|██████████████████████████████████████████████████████████████████████████████████████████████████| 200/200 [02:39<00:00,  1.26it/s, loss=5.38]
(LR): 100%|█████████████████████████████████████████████████████████████████████████████████████| 200/200 [00:00<00:00, best test F1Mi=0.662, F1Ma=0.574]
(T): 100%|██████████████████████████████████████████████████████████████████████████████████████████████████| 200/200 [02:39<00:00,  1.26it/s, loss=5.64]
(LR): 100%|█████████████████████████████████████████████████████████████████████████████████████| 200/200 [00:00<00:00, best test F1Mi=0.665, F1Ma=0.606]
(T): 100%|██████████████████████████████████████████████████████████████████████████████████████████████████| 200/200 [02:39<00:00,  1.25it/s, loss=5.57]
(LR): 100%|██████████████████████████████████████████████████████████████████████████████████████| 200/200 [00:00<00:00, best test F1Mi=0.59, F1Ma=0.516]
(T): 100%|██████████████████████████████████████████████████████████████████████████████████████████████████| 200/200 [02:41<00:00,  1.24it/s, loss=5.51]
(LR): 100%|█████████████████████████████████████████████████████████████████████████████████████| 200/200 [00:00<00:00, best test F1Mi=0.644, F1Ma=0.562]
(T): 100%|███████████████████████████████████████████████████████████████████████████████████████████████████| 200/200 [02:39<00:00,  1.25it/s, loss=5.7]
(LR): 100%|█████████████████████████████████████████████████████████████████████████████████████| 200/200 [00:00<00:00, best test F1Mi=0.662, F1Ma=0.556]
(T): 100%|██████████████████████████████████████████████████████████████████████████████████████████████████| 200/200 [02:39<00:00,  1.26it/s, loss=5.62]
(LR): 100%|█████████████████████████████████████████████████████████████████████████████████████| 200/200 [00:00<00:00, best test F1Mi=0.623, F1Ma=0.534]
(T): 100%|██████████████████████████████████████████████████████████████████████████████████████████████████| 200/200 [02:38<00:00,  1.26it/s, loss=5.72]
(LR): 100%|█████████████████████████████████████████████████████████████████████████████████████| 200/200 [00:00<00:00, best test F1Mi=0.656, F1Ma=0.575]
(T): 100%|██████████████████████████████████████████████████████████████████████████████████████████████████| 200/200 [02:38<00:00,  1.26it/s, loss=5.53]
(LR): 100%|█████████████████████████████████████████████████████████████████████████████████████| 200/200 [00:00<00:00, best test F1Mi=0.659, F1Ma=0.563]