Done loading data from cached files.
(T): 100%|██████████████████████████████████████████████████████████████████████████████████████████████████| 200/200 [02:11<00:00,  1.52it/s, loss=5.26]
(LR): 100%|███████████████████████████████████████████████████████████████████████████████████████| 200/200 [00:00<00:00, best test F1Mi=0.575, F1Ma=0.5]
(T): 100%|██████████████████████████████████████████████████████████████████████████████████████████████████| 200/200 [02:11<00:00,  1.52it/s, loss=5.41]
(LR): 100%|█████████████████████████████████████████████████████████████████████████████████████| 200/200 [00:00<00:00, best test F1Mi=0.644, F1Ma=0.542]
(T): 100%|██████████████████████████████████████████████████████████████████████████████████████████████████| 200/200 [02:12<00:00,  1.51it/s, loss=5.13]
(LR): 100%|█████████████████████████████████████████████████████████████████████████████████████| 200/200 [00:00<00:00, best test F1Mi=0.614, F1Ma=0.534]
(T): 100%|██████████████████████████████████████████████████████████████████████████████████████████████████| 200/200 [02:10<00:00,  1.53it/s, loss=5.35]
(LR): 100%|█████████████████████████████████████████████████████████████████████████████████████| 200/200 [00:00<00:00, best test F1Mi=0.647, F1Ma=0.551]
(T):  60%|██████████████████████████████████████████████████████████▊                                       | 120/200 [01:20<00:52,  1.51it/s, loss=5.48]
(T): 100%|██████████████████████████████████████████████████████████████████████████████████████████████████| 200/200 [02:14<00:00,  1.49it/s, loss=5.21]
(LR): 100%|█████████████████████████████████████████████████████████████████████████████████████| 200/200 [00:00<00:00, best test F1Mi=0.584, F1Ma=0.497]
(T): 100%|███████████████████████████████████████████████████████████████████████████████████████████████████| 200/200 [02:11<00:00,  1.52it/s, loss=5.4]
(LR): 100%|█████████████████████████████████████████████████████████████████████████████████████| 200/200 [00:00<00:00, best test F1Mi=0.596, F1Ma=0.512]
(T): 100%|██████████████████████████████████████████████████████████████████████████████████████████████████| 200/200 [02:09<00:00,  1.55it/s, loss=5.31]
(LR): 100%|█████████████████████████████████████████████████████████████████████████████████████| 200/200 [00:00<00:00, best test F1Mi=0.533, F1Ma=0.448]
(T): 100%|██████████████████████████████████████████████████████████████████████████████████████████████████| 200/200 [02:15<00:00,  1.48it/s, loss=5.27]
(LR): 100%|█████████████████████████████████████████████████████████████████████████████████████| 200/200 [00:00<00:00, best test F1Mi=0.587, F1Ma=0.507]
(T): 100%|██████████████████████████████████████████████████████████████████████████████████████████████████| 200/200 [02:10<00:00,  1.53it/s, loss=5.11]
(LR): 100%|█████████████████████████████████████████████████████████████████████████████████████| 200/200 [00:00<00:00, best test F1Mi=0.527, F1Ma=0.453]
(T): 100%|██████████████████████████████████████████████████████████████████████████████████████████████████| 200/200 [02:05<00:00,  1.59it/s, loss=5.16]
(LR): 100%|█████████████████████████████████████████████████████████████████████████████████████| 200/200 [00:00<00:00, best test F1Mi=0.563, F1Ma=0.478]
(T): 100%|██████████████████████████████████████████████████████████████████████████████████████████████████| 200/200 [02:06<00:00,  1.58it/s, loss=5.26]
(LR): 100%|█████████████████████████████████████████████████████████████████████████████████████| 200/200 [00:00<00:00, best test F1Mi=0.593, F1Ma=0.497]
(T): 100%|██████████████████████████████████████████████████████████████████████████████████████████████████| 200/200 [02:06<00:00,  1.58it/s, loss=5.14]
(LR): 100%|█████████████████████████████████████████████████████████████████████████████████████| 200/200 [00:00<00:00, best test F1Mi=0.641, F1Ma=0.561]
(T): 100%|██████████████████████████████████████████████████████████████████████████████████████████████████| 200/200 [02:06<00:00,  1.59it/s, loss=5.13]
(LR): 100%|█████████████████████████████████████████████████████████████████████████████████████| 200/200 [00:00<00:00, best test F1Mi=0.578, F1Ma=0.493]
(T): 100%|██████████████████████████████████████████████████████████████████████████████████████████████████| 200/200 [02:06<00:00,  1.59it/s, loss=5.34]
(LR): 100%|█████████████████████████████████████████████████████████████████████████████████████| 200/200 [00:00<00:00, best test F1Mi=0.575, F1Ma=0.499]
(T): 100%|██████████████████████████████████████████████████████████████████████████████████████████████████| 200/200 [02:07<00:00,  1.57it/s, loss=5.19]
(LR): 100%|█████████████████████████████████████████████████████████████████████████████████████| 200/200 [00:00<00:00, best test F1Mi=0.635, F1Ma=0.537]
(T): 100%|██████████████████████████████████████████████████████████████████████████████████████████████████| 200/200 [02:07<00:00,  1.57it/s, loss=5.19]
(LR): 100%|█████████████████████████████████████████████████████████████████████████████████████| 200/200 [00:00<00:00, best test F1Mi=0.563, F1Ma=0.483]
(T): 100%|██████████████████████████████████████████████████████████████████████████████████████████████████| 200/200 [02:06<00:00,  1.58it/s, loss=5.31]
(LR): 100%|██████████████████████████████████████████████████████████████████████████████████████| 200/200 [00:00<00:00, best test F1Mi=0.626, F1Ma=0.54]
(T): 100%|███████████████████████████████████████████████████████████████████████████████████████████████████| 200/200 [02:08<00:00,  1.55it/s, loss=5.1]
(LR): 100%|█████████████████████████████████████████████████████████████████████████████████████| 200/200 [00:00<00:00, best test F1Mi=0.605, F1Ma=0.533]
(T): 100%|██████████████████████████████████████████████████████████████████████████████████████████████████| 200/200 [02:10<00:00,  1.54it/s, loss=5.18]
(LR): 100%|█████████████████████████████████████████████████████████████████████████████████████| 200/200 [00:00<00:00, best test F1Mi=0.608, F1Ma=0.522]
(T): 100%|██████████████████████████████████████████████████████████████████████████████████████████████████| 200/200 [02:24<00:00,  1.39it/s, loss=5.52]
(LR): 100%|█████████████████████████████████████████████████████████████████████████████████████| 200/200 [00:00<00:00, best test F1Mi=0.611, F1Ma=0.528]
(T): 100%|██████████████████████████████████████████████████████████████████████████████████████████████████| 200/200 [02:11<00:00,  1.52it/s, loss=5.31]
(LR): 100%|█████████████████████████████████████████████████████████████████████████████████████| 200/200 [00:00<00:00, best test F1Mi=0.596, F1Ma=0.513]
(T): 100%|██████████████████████████████████████████████████████████████████████████████████████████████████| 200/200 [02:09<00:00,  1.54it/s, loss=5.16]
(LR): 100%|█████████████████████████████████████████████████████████████████████████████████████| 200/200 [00:00<00:00, best test F1Mi=0.596, F1Ma=0.512]
(T): 100%|██████████████████████████████████████████████████████████████████████████████████████████████████| 200/200 [02:06<00:00,  1.58it/s, loss=5.19]
(LR): 100%|█████████████████████████████████████████████████████████████████████████████████████| 200/200 [00:00<00:00, best test F1Mi=0.587, F1Ma=0.516]
(T): 100%|███████████████████████████████████████████████████████████████████████████████████████████████████| 200/200 [02:08<00:00,  1.56it/s, loss=5.4]
(LR): 100%|█████████████████████████████████████████████████████████████████████████████████████| 200/200 [00:00<00:00, best test F1Mi=0.656, F1Ma=0.577]
(T): 100%|███████████████████████████████████████████████████████████████████████████████████████████████████| 200/200 [02:09<00:00,  1.54it/s, loss=5.4]
(LR): 100%|█████████████████████████████████████████████████████████████████████████████████████| 200/200 [00:00<00:00, best test F1Mi=0.602, F1Ma=0.524]
Here are baseline-noFM results.
aug=[A.EdgeRemoving(pe=0.1), A.NodeDropping(pn=0.1)]
====================================================================================
(E): Best test F1Mi=0.5749, F1Ma=0.5000
aug=[A.EdgeRemoving(pe=0.1), A.NodeDropping(pn=0.2)]
====================================================================================
(E): Best test F1Mi=0.6437, F1Ma=0.5419
aug=[A.EdgeRemoving(pe=0.1), A.NodeDropping(pn=0.3)]
====================================================================================
(E): Best test F1Mi=0.6138, F1Ma=0.5344
aug=[A.EdgeRemoving(pe=0.1), A.NodeDropping(pn=0.4)]
====================================================================================
(E): Best test F1Mi=0.6467, F1Ma=0.5509
aug=[A.EdgeRemoving(pe=0.1), A.NodeDropping(pn=0.5)]
====================================================================================
(E): Best test F1Mi=0.5838, F1Ma=0.4967
aug=[A.EdgeRemoving(pe=0.2), A.NodeDropping(pn=0.1)]
====================================================================================
(E): Best test F1Mi=0.5958, F1Ma=0.5125
aug=[A.EdgeRemoving(pe=0.2), A.NodeDropping(pn=0.2)]
====================================================================================
(E): Best test F1Mi=0.5329, F1Ma=0.4477
aug=[A.EdgeRemoving(pe=0.2), A.NodeDropping(pn=0.3)]
====================================================================================
(E): Best test F1Mi=0.5868, F1Ma=0.5069
aug=[A.EdgeRemoving(pe=0.2), A.NodeDropping(pn=0.4)]
====================================================================================
(E): Best test F1Mi=0.5269, F1Ma=0.4529
aug=[A.EdgeRemoving(pe=0.2), A.NodeDropping(pn=0.5)]
====================================================================================
(E): Best test F1Mi=0.5629, F1Ma=0.4780
aug=[A.EdgeRemoving(pe=0.3), A.NodeDropping(pn=0.1)]
====================================================================================
(E): Best test F1Mi=0.5928, F1Ma=0.4974
aug=[A.EdgeRemoving(pe=0.3), A.NodeDropping(pn=0.2)]
====================================================================================
(E): Best test F1Mi=0.6407, F1Ma=0.5613
aug=[A.EdgeRemoving(pe=0.3), A.NodeDropping(pn=0.3)]
====================================================================================
(E): Best test F1Mi=0.5778, F1Ma=0.4928
aug=[A.EdgeRemoving(pe=0.3), A.NodeDropping(pn=0.4)]
====================================================================================
(E): Best test F1Mi=0.5749, F1Ma=0.4992
aug=[A.EdgeRemoving(pe=0.3), A.NodeDropping(pn=0.5)]
====================================================================================
(E): Best test F1Mi=0.6347, F1Ma=0.5371
aug=[A.EdgeRemoving(pe=0.4), A.NodeDropping(pn=0.1)]
====================================================================================
(E): Best test F1Mi=0.5629, F1Ma=0.4826
aug=[A.EdgeRemoving(pe=0.4), A.NodeDropping(pn=0.2)]
====================================================================================
(E): Best test F1Mi=0.6257, F1Ma=0.5400
aug=[A.EdgeRemoving(pe=0.4), A.NodeDropping(pn=0.3)]
====================================================================================
(E): Best test F1Mi=0.6048, F1Ma=0.5326
aug=[A.EdgeRemoving(pe=0.4), A.NodeDropping(pn=0.4)]
====================================================================================
(E): Best test F1Mi=0.6078, F1Ma=0.5223
aug=[A.EdgeRemoving(pe=0.4), A.NodeDropping(pn=0.5)]
====================================================================================
(E): Best test F1Mi=0.6108, F1Ma=0.5276
aug=[A.EdgeRemoving(pe=0.5), A.NodeDropping(pn=0.1)]
====================================================================================
(E): Best test F1Mi=0.5958, F1Ma=0.5133
aug=[A.EdgeRemoving(pe=0.5), A.NodeDropping(pn=0.2)]
====================================================================================
(E): Best test F1Mi=0.5958, F1Ma=0.5125
aug=[A.EdgeRemoving(pe=0.5), A.NodeDropping(pn=0.3)]
====================================================================================
(E): Best test F1Mi=0.5868, F1Ma=0.5158
aug=[A.EdgeRemoving(pe=0.5), A.NodeDropping(pn=0.4)]
====================================================================================
(E): Best test F1Mi=0.6557, F1Ma=0.5771
aug=[A.EdgeRemoving(pe=0.5), A.NodeDropping(pn=0.5)]
====================================================================================
(E): Best test F1Mi=0.6018, F1Ma=0.5242
