Done loading data from cached files.
(T): 100%|██████████████████████████████████████████████████████████████████████████████████████████████████| 200/200 [02:12<00:00,  1.51it/s, loss=5.71]
(LR): 100%|█████████████████████████████████████████████████████████████████████████████████████| 200/200 [00:00<00:00, best test F1Mi=0.662, F1Ma=0.575]
(T): 100%|██████████████████████████████████████████████████████████████████████████████████████████████████| 200/200 [02:13<00:00,  1.50it/s, loss=6.04]
(LR): 100%|█████████████████████████████████████████████████████████████████████████████████████| 200/200 [00:00<00:00, best test F1Mi=0.698, F1Ma=0.603]
(T): 100%|██████████████████████████████████████████████████████████████████████████████████████████████████| 200/200 [02:10<00:00,  1.53it/s, loss=5.93]
(LR): 100%|█████████████████████████████████████████████████████████████████████████████████████| 200/200 [00:00<00:00, best test F1Mi=0.623, F1Ma=0.561]
(T): 100%|██████████████████████████████████████████████████████████████████████████████████████████████████| 200/200 [02:11<00:00,  1.52it/s, loss=5.74]
(LR): 100%|█████████████████████████████████████████████████████████████████████████████████████| 200/200 [00:00<00:00, best test F1Mi=0.671, F1Ma=0.579]
(T): 100%|██████████████████████████████████████████████████████████████████████████████████████████████████| 200/200 [02:14<00:00,  1.49it/s, loss=6.16]
(LR): 100%|█████████████████████████████████████████████████████████████████████████████████████| 200/200 [00:00<00:00, best test F1Mi=0.641, F1Ma=0.546]
(T): 100%|██████████████████████████████████████████████████████████████████████████████████████████████████| 200/200 [02:11<00:00,  1.52it/s, loss=5.72]
(LR): 100%|██████████████████████████████████████████████████████████████████████████████████████| 200/200 [00:00<00:00, best test F1Mi=0.611, F1Ma=0.53]
Here are baseline-noND results.
aug=[A.EdgeRemoving(pe=0.05), A.FeatureMasking(pf=0.3)]
====================================================================================
(E): Best test F1Mi=0.6617, F1Ma=0.5746
aug=[A.EdgeRemoving(pe=0.1), A.FeatureMasking(pf=0.3)]
====================================================================================
(E): Best test F1Mi=0.6976, F1Ma=0.6034
aug=[A.EdgeRemoving(pe=0.2), A.FeatureMasking(pf=0.3)]
====================================================================================
(E): Best test F1Mi=0.6228, F1Ma=0.5611
aug=[A.EdgeRemoving(pe=0.3), A.FeatureMasking(pf=0.3)]
====================================================================================
(E): Best test F1Mi=0.6707, F1Ma=0.5787
aug=[A.EdgeRemoving(pe=0.4), A.FeatureMasking(pf=0.3)]
====================================================================================
(E): Best test F1Mi=0.6407, F1Ma=0.5461
aug=[A.EdgeRemoving(pe=0.5), A.FeatureMasking(pf=0.3)]
====================================================================================
(E): Best test F1Mi=0.6108, F1Ma=0.5301

