Done loading data from cached files.
(T): 100%|██████████████████████████████████████████████████████████████████████████████████████████████████| 200/200 [01:21<00:00,  2.44it/s, loss=5.72]
(LR): 100%|█████████████████████████████████████████████████████████████████████████████████████| 200/200 [00:00<00:00, best test F1Mi=0.732, F1Ma=0.691]
(T): 100%|██████████████████████████████████████████████████████████████████████████████████████████████████| 200/200 [01:22<00:00,  2.43it/s, loss=5.79]
(LR): 100%|█████████████████████████████████████████████████████████████████████████████████████| 200/200 [00:00<00:00, best test F1Mi=0.673, F1Ma=0.593]
(T): 100%|██████████████████████████████████████████████████████████████████████████████████████████████████| 200/200 [01:21<00:00,  2.46it/s, loss=5.83]
(LR): 100%|█████████████████████████████████████████████████████████████████████████████████████| 200/200 [00:00<00:00, best test F1Mi=0.746, F1Ma=0.723]
(T): 100%|███████████████████████████████████████████████████████████████████████████████████████████████████| 200/200 [01:21<00:00,  2.47it/s, loss=5.7]
(LR): 100%|█████████████████████████████████████████████████████████████████████████████████████| 200/200 [00:00<00:00, best test F1Mi=0.673, F1Ma=0.602]
(T): 100%|██████████████████████████████████████████████████████████████████████████████████████████████████| 200/200 [01:22<00:00,  2.44it/s, loss=5.71]
(LR): 100%|█████████████████████████████████████████████████████████████████████████████████████| 200/200 [00:00<00:00, best test F1Mi=0.728, F1Ma=0.632]
(T): 100%|██████████████████████████████████████████████████████████████████████████████████████████████████| 200/200 [01:21<00:00,  2.44it/s, loss=5.88]
(LR): 100%|█████████████████████████████████████████████████████████████████████████████████████| 200/200 [00:00<00:00, best test F1Mi=0.754, F1Ma=0.726]
(T): 100%|██████████████████████████████████████████████████████████████████████████████████████████████████| 200/200 [01:21<00:00,  2.45it/s, loss=5.64]
(LR): 100%|█████████████████████████████████████████████████████████████████████████████████████| 200/200 [00:00<00:00, best test F1Mi=0.665, F1Ma=0.555]
(T): 100%|██████████████████████████████████████████████████████████████████████████████████████████████████| 200/200 [01:20<00:00,  2.47it/s, loss=5.73]
(LR): 100%|█████████████████████████████████████████████████████████████████████████████████████| 200/200 [00:00<00:00, best test F1Mi=0.651, F1Ma=0.553]
(T): 100%|██████████████████████████████████████████████████████████████████████████████████████████████████| 200/200 [01:31<00:00,  2.19it/s, loss=5.78]
(LR): 100%|██████████████████████████████████████████████████████████████████████████████████████| 200/200 [00:00<00:00, best test F1Mi=0.75, F1Ma=0.694]
(T): 100%|██████████████████████████████████████████████████████████████████████████████████████████████████| 200/200 [01:33<00:00,  2.14it/s, loss=5.83]
(LR): 100%|█████████████████████████████████████████████████████████████████████████████████████| 200/200 [00:00<00:00, best test F1Mi=0.673, F1Ma=0.649]
(T): 100%|███████████████████████████████████████████████████████████████████████████████████████████████████| 200/200 [01:26<00:00,  2.31it/s, loss=5.8]
(LR): 100%|█████████████████████████████████████████████████████████████████████████████████████| 200/200 [00:00<00:00, best test F1Mi=0.654, F1Ma=0.567]
(T): 100%|██████████████████████████████████████████████████████████████████████████████████████████████████| 200/200 [01:21<00:00,  2.46it/s, loss=5.81]
(LR): 100%|█████████████████████████████████████████████████████████████████████████████████████| 200/200 [00:00<00:00, best test F1Mi=0.599, F1Ma=0.452]
(T): 100%|██████████████████████████████████████████████████████████████████████████████████████████████████| 200/200 [01:21<00:00,  2.45it/s, loss=5.61]
(LR): 100%|███████████████████████████████████████████████████████████████████████████████████████| 200/200 [00:00<00:00, best test F1Mi=0.64, F1Ma=0.57]
(T): 100%|██████████████████████████████████████████████████████████████████████████████████████████████████| 200/200 [01:20<00:00,  2.47it/s, loss=5.87]
(LR): 100%|██████████████████████████████████████████████████████████████████████████████████████| 200/200 [00:00<00:00, best test F1Mi=0.721, F1Ma=0.69]
(T): 100%|███████████████████████████████████████████████████████████████████████████████████████████████████| 200/200 [01:21<00:00,  2.45it/s, loss=5.8]
(LR): 100%|█████████████████████████████████████████████████████████████████████████████████████| 200/200 [00:00<00:00, best test F1Mi=0.724, F1Ma=0.608]
(T): 100%|██████████████████████████████████████████████████████████████████████████████████████████████████| 200/200 [01:19<00:00,  2.50it/s, loss=5.63]
(LR): 100%|█████████████████████████████████████████████████████████████████████████████████████| 200/200 [00:00<00:00, best test F1Mi=0.757, F1Ma=0.702]
(T): 100%|██████████████████████████████████████████████████████████████████████████████████████████████████| 200/200 [01:18<00:00,  2.56it/s, loss=5.76]
(LR): 100%|█████████████████████████████████████████████████████████████████████████████████████| 200/200 [00:00<00:00, best test F1Mi=0.702, F1Ma=0.621]
(T): 100%|██████████████████████████████████████████████████████████████████████████████████████████████████| 200/200 [01:17<00:00,  2.57it/s, loss=5.84]
(LR): 100%|█████████████████████████████████████████████████████████████████████████████████████| 200/200 [00:00<00:00, best test F1Mi=0.574, F1Ma=0.445]
(T): 100%|██████████████████████████████████████████████████████████████████████████████████████████████████| 200/200 [01:18<00:00,  2.56it/s, loss=5.76]
(LR): 100%|█████████████████████████████████████████████████████████████████████████████████████| 200/200 [00:00<00:00, best test F1Mi=0.651, F1Ma=0.509]
(T): 100%|██████████████████████████████████████████████████████████████████████████████████████████████████| 200/200 [01:17<00:00,  2.57it/s, loss=5.76]
(LR): 100%|██████████████████████████████████████████████████████████████████████████████████████| 200/200 [00:00<00:00, best test F1Mi=0.71, F1Ma=0.624]
(T): 100%|██████████████████████████████████████████████████████████████████████████████████████████████████| 200/200 [01:18<00:00,  2.56it/s, loss=5.83]
(LR): 100%|█████████████████████████████████████████████████████████████████████████████████████| 200/200 [00:00<00:00, best test F1Mi=0.654, F1Ma=0.578]
(T): 100%|██████████████████████████████████████████████████████████████████████████████████████████████████| 200/200 [01:18<00:00,  2.54it/s, loss=5.76]
(LR): 100%|█████████████████████████████████████████████████████████████████████████████████████| 200/200 [00:00<00:00, best test F1Mi=0.618, F1Ma=0.483]
(T): 100%|██████████████████████████████████████████████████████████████████████████████████████████████████| 200/200 [01:20<00:00,  2.47it/s, loss=5.72]
(LR): 100%|█████████████████████████████████████████████████████████████████████████████████████| 200/200 [00:00<00:00, best test F1Mi=0.702, F1Ma=0.626]
(T): 100%|██████████████████████████████████████████████████████████████████████████████████████████████████| 200/200 [01:19<00:00,  2.52it/s, loss=5.87]
(LR): 100%|██████████████████████████████████████████████████████████████████████████████████████| 200/200 [00:00<00:00, best test F1Mi=0.717, F1Ma=0.65]
(T): 100%|██████████████████████████████████████████████████████████████████████████████████████████████████| 200/200 [01:18<00:00,  2.54it/s, loss=5.78]
(LR): 100%|██████████████████████████████████████████████████████████████████████████████████████| 200/200 [00:00<00:00, best test F1Mi=0.754, F1Ma=0.71]
Here are baseline results.
aug=[A.EdgeRemoving(pe=0.1), A.NodeDropping(pn=0.1), A.FeatureMasking(pf=0.3)]
====================================================================================
(E): Best test F1Mi=0.7316, F1Ma=0.6906
aug=[A.EdgeRemoving(pe=0.1), A.NodeDropping(pn=0.2), A.FeatureMasking(pf=0.3)]
====================================================================================
(E): Best test F1Mi=0.6728, F1Ma=0.5930
aug=[A.EdgeRemoving(pe=0.1), A.NodeDropping(pn=0.3), A.FeatureMasking(pf=0.3)]
====================================================================================
(E): Best test F1Mi=0.7463, F1Ma=0.7226
aug=[A.EdgeRemoving(pe=0.1), A.NodeDropping(pn=0.4), A.FeatureMasking(pf=0.3)]
====================================================================================
(E): Best test F1Mi=0.6728, F1Ma=0.6021
aug=[A.EdgeRemoving(pe=0.1), A.NodeDropping(pn=0.5), A.FeatureMasking(pf=0.3)]
====================================================================================
(E): Best test F1Mi=0.7279, F1Ma=0.6324
aug=[A.EdgeRemoving(pe=0.2), A.NodeDropping(pn=0.1), A.FeatureMasking(pf=0.3)]
====================================================================================
(E): Best test F1Mi=0.7537, F1Ma=0.7262
aug=[A.EdgeRemoving(pe=0.2), A.NodeDropping(pn=0.2), A.FeatureMasking(pf=0.3)]
====================================================================================
(E): Best test F1Mi=0.6654, F1Ma=0.5549
aug=[A.EdgeRemoving(pe=0.2), A.NodeDropping(pn=0.3), A.FeatureMasking(pf=0.3)]
====================================================================================
(E): Best test F1Mi=0.6507, F1Ma=0.5528
aug=[A.EdgeRemoving(pe=0.2), A.NodeDropping(pn=0.4), A.FeatureMasking(pf=0.3)]
====================================================================================
(E): Best test F1Mi=0.7500, F1Ma=0.6944
aug=[A.EdgeRemoving(pe=0.2), A.NodeDropping(pn=0.5), A.FeatureMasking(pf=0.3)]
====================================================================================
(E): Best test F1Mi=0.6728, F1Ma=0.6485
aug=[A.EdgeRemoving(pe=0.3), A.NodeDropping(pn=0.1), A.FeatureMasking(pf=0.3)]
====================================================================================
(E): Best test F1Mi=0.6544, F1Ma=0.5667
aug=[A.EdgeRemoving(pe=0.3), A.NodeDropping(pn=0.2), A.FeatureMasking(pf=0.3)]
====================================================================================
(E): Best test F1Mi=0.5993, F1Ma=0.4518
aug=[A.EdgeRemoving(pe=0.3), A.NodeDropping(pn=0.3), A.FeatureMasking(pf=0.3)]
====================================================================================
(E): Best test F1Mi=0.6397, F1Ma=0.5704
aug=[A.EdgeRemoving(pe=0.3), A.NodeDropping(pn=0.4), A.FeatureMasking(pf=0.3)]
====================================================================================
(E): Best test F1Mi=0.7206, F1Ma=0.6904
aug=[A.EdgeRemoving(pe=0.3), A.NodeDropping(pn=0.5), A.FeatureMasking(pf=0.3)]
====================================================================================
(E): Best test F1Mi=0.7243, F1Ma=0.6078
aug=[A.EdgeRemoving(pe=0.4), A.NodeDropping(pn=0.1), A.FeatureMasking(pf=0.3)]
====================================================================================
(E): Best test F1Mi=0.7574, F1Ma=0.7017
aug=[A.EdgeRemoving(pe=0.4), A.NodeDropping(pn=0.2), A.FeatureMasking(pf=0.3)]
====================================================================================
(E): Best test F1Mi=0.7022, F1Ma=0.6208
aug=[A.EdgeRemoving(pe=0.4), A.NodeDropping(pn=0.3), A.FeatureMasking(pf=0.3)]
====================================================================================
(E): Best test F1Mi=0.5735, F1Ma=0.4453
aug=[A.EdgeRemoving(pe=0.4), A.NodeDropping(pn=0.4), A.FeatureMasking(pf=0.3)]
====================================================================================
(E): Best test F1Mi=0.6507, F1Ma=0.5093
aug=[A.EdgeRemoving(pe=0.4), A.NodeDropping(pn=0.5), A.FeatureMasking(pf=0.3)]
====================================================================================
(E): Best test F1Mi=0.7096, F1Ma=0.6236
aug=[A.EdgeRemoving(pe=0.5), A.NodeDropping(pn=0.1), A.FeatureMasking(pf=0.3)]
====================================================================================
(E): Best test F1Mi=0.6544, F1Ma=0.5777
aug=[A.EdgeRemoving(pe=0.5), A.NodeDropping(pn=0.2), A.FeatureMasking(pf=0.3)]
====================================================================================
(E): Best test F1Mi=0.6176, F1Ma=0.4829
aug=[A.EdgeRemoving(pe=0.5), A.NodeDropping(pn=0.3), A.FeatureMasking(pf=0.3)]
====================================================================================
(E): Best test F1Mi=0.7022, F1Ma=0.6264
aug=[A.EdgeRemoving(pe=0.5), A.NodeDropping(pn=0.4), A.FeatureMasking(pf=0.3)]
====================================================================================
(E): Best test F1Mi=0.7169, F1Ma=0.6504
aug=[A.EdgeRemoving(pe=0.5), A.NodeDropping(pn=0.5), A.FeatureMasking(pf=0.3)]
====================================================================================
(E): Best test F1Mi=0.7537, F1Ma=0.7104
Here are baseline results.
Here are baseline results.
aug=[A.EdgeRemoving(pe=0.6), A.NodeDropping(pn=0.6), A.FeatureMasking(pf=0.3)]
====================================================================================
(E): Best test F1Mi=0.7537, F1Ma=0.6636
aug=[A.EdgeRemoving(pe=0.6), A.NodeDropping(pn=0.7), A.FeatureMasking(pf=0.3)]
====================================================================================
(E): Best test F1Mi=0.7647, F1Ma=0.6711
aug=[A.EdgeRemoving(pe=0.7), A.NodeDropping(pn=0.6), A.FeatureMasking(pf=0.3)]
====================================================================================
(E): Best test F1Mi=0.7537, F1Ma=0.7039
aug=[A.EdgeRemoving(pe=0.7), A.NodeDropping(pn=0.7), A.FeatureMasking(pf=0.3)]
====================================================================================
(E): Best test F1Mi=0.7463, F1Ma=0.7339
