Done loading data from cached files.
(T): 100%|█████████████████████████████████████████████████████████████████████████████████████████████████| 200/200 [18:51<00:00,  5.66s/it, loss=6.33]
(LR): 100%|█████████████████████████████████████████████████████████████████████████████████████| 200/200 [00:00<00:00, best test F1Mi=0.61, F1Ma=0.466]
(T): 100%|█████████████████████████████████████████████████████████████████████████████████████████████████| 200/200 [10:10<00:00,  3.05s/it, loss=5.52]
(LR): 100%|███████████████████████████████████████████████████████████████████████████████████████| 200/200 [00:00<00:00, best test F1Mi=0.566, F1Ma=0.478]
(T): 100%|████████████████████████████████████████████████████████████████████████████████████████████████████| 200/200 [06:17<00:00,  1.89s/it, loss=5.38]
(LR): 100%|████████████████████████████████████████████████████████████████████████████████████████| 200/200 [00:00<00:00, best test F1Mi=0.54, F1Ma=0.466]
(T): 100%|████████████████████████████████████████████████████████████████████████████████████████████████████| 200/200 [02:58<00:00,  1.12it/s, loss=5.36]
(LR): 100%|███████████████████████████████████████████████████████████████████████████████████████| 200/200 [00:00<00:00, best test F1Mi=0.452, F1Ma=0.333]
=================================================================
PPRDiffusion_alpha=0.01
(E): Best test F1Mi=0.6103, F1Ma=0.4661
=================================================================
PPRDiffusion_alpha=0.05
(E): Best test F1Mi=0.5662, F1Ma=0.4775
=================================================================
PPRDiffusion_alpha=0.1
(E): Best test F1Mi=0.5404, F1Ma=0.4664
=================================================================
PPRDiffusion_alpha=0.2
(E): Best test F1Mi=0.4522, F1Ma=0.3335
