Done loading data from cached files.
(T): 100%|██████████████████████████████████████████████████████████████████████████████████████████████████| 200/200 [01:19<00:00,  2.51it/s, loss=5.65]
(LR): 100%|█████████████████████████████████████████████████████████████████████████████████████| 200/200 [00:00<00:00, best test F1Mi=0.713, F1Ma=0.628]
(T): 100%|██████████████████████████████████████████████████████████████████████████████████████████████████| 200/200 [01:21<00:00,  2.47it/s, loss=5.52]
(LR): 100%|█████████████████████████████████████████████████████████████████████████████████████| 200/200 [00:00<00:00, best test F1Mi=0.662, F1Ma=0.583]
(T): 100%|██████████████████████████████████████████████████████████████████████████████████████████████████| 200/200 [01:21<00:00,  2.45it/s, loss=5.58]
(LR): 100%|█████████████████████████████████████████████████████████████████████████████████████| 200/200 [00:00<00:00, best test F1Mi=0.702, F1Ma=0.604]
(T): 100%|██████████████████████████████████████████████████████████████████████████████████████████████████| 200/200 [01:21<00:00,  2.45it/s, loss=5.64]
(LR): 100%|█████████████████████████████████████████████████████████████████████████████████████| 200/200 [00:00<00:00, best test F1Mi=0.699, F1Ma=0.578]
(T): 100%|██████████████████████████████████████████████████████████████████████████████████████████████████| 200/200 [01:21<00:00,  2.45it/s, loss=5.86]
(LR): 100%|█████████████████████████████████████████████████████████████████████████████████████| 200/200 [00:00<00:00, best test F1Mi=0.654, F1Ma=0.542]
Here are baseline-noND results.
aug=[A.EdgeRemoving(pe=0.1), A.FeatureMasking(pf=0.3)]
====================================================================================
(E): Best test F1Mi=0.7132, F1Ma=0.6281
aug=[A.EdgeRemoving(pe=0.2), A.FeatureMasking(pf=0.3)]
====================================================================================
(E): Best test F1Mi=0.6618, F1Ma=0.5831
aug=[A.EdgeRemoving(pe=0.3), A.FeatureMasking(pf=0.3)]
====================================================================================
(E): Best test F1Mi=0.7022, F1Ma=0.6041
aug=[A.EdgeRemoving(pe=0.4), A.FeatureMasking(pf=0.3)]
====================================================================================
(E): Best test F1Mi=0.6985, F1Ma=0.5780
aug=[A.EdgeRemoving(pe=0.5), A.FeatureMasking(pf=0.3)]
====================================================================================
(E): Best test F1Mi=0.6544, F1Ma=0.5423
