Done loading data from cached files.
(T): 100%|██████████████████████████████████████████████████████████████████████████████████████████████████| 200/200 [01:21<00:00,  2.44it/s, loss=5.01]
(LR): 100%|█████████████████████████████████████████████████████████████████████████████████████| 200/200 [00:00<00:00, best test F1Mi=0.562, F1Ma=0.443]
(T): 100%|██████████████████████████████████████████████████████████████████████████████████████████████████| 200/200 [01:19<00:00,  2.53it/s, loss=4.96]
(LR): 100%|█████████████████████████████████████████████████████████████████████████████████████| 200/200 [00:00<00:00, best test F1Mi=0.511, F1Ma=0.395]
(T): 100%|██████████████████████████████████████████████████████████████████████████████████████████████████| 200/200 [01:17<00:00,  2.58it/s, loss=5.01]
(LR): 100%|█████████████████████████████████████████████████████████████████████████████████████| 200/200 [00:00<00:00, best test F1Mi=0.548, F1Ma=0.435]
(T): 100%|██████████████████████████████████████████████████████████████████████████████████████████████████| 200/200 [01:17<00:00,  2.57it/s, loss=4.92]
(LR): 100%|██████████████████████████████████████████████████████████████████████████████████████| 200/200 [00:00<00:00, best test F1Mi=0.592, F1Ma=0.49]
(T): 100%|██████████████████████████████████████████████████████████████████████████████████████████████████| 200/200 [01:18<00:00,  2.56it/s, loss=4.96]
(LR): 100%|█████████████████████████████████████████████████████████████████████████████████████| 200/200 [00:00<00:00, best test F1Mi=0.607, F1Ma=0.465]
(T): 100%|██████████████████████████████████████████████████████████████████████████████████████████████████| 200/200 [01:19<00:00,  2.52it/s, loss=5.04]
(LR): 100%|█████████████████████████████████████████████████████████████████████████████████████| 200/200 [00:00<00:00, best test F1Mi=0.596, F1Ma=0.456]
(T): 100%|██████████████████████████████████████████████████████████████████████████████████████████████████| 200/200 [01:19<00:00,  2.51it/s, loss=5.01]
(LR): 100%|█████████████████████████████████████████████████████████████████████████████████████| 200/200 [00:00<00:00, best test F1Mi=0.544, F1Ma=0.461]
(T): 100%|██████████████████████████████████████████████████████████████████████████████████████████████████| 200/200 [01:18<00:00,  2.56it/s, loss=5.02]
(LR): 100%|██████████████████████████████████████████████████████████████████████████████████████| 200/200 [00:00<00:00, best test F1Mi=0.596, F1Ma=0.46]
(T): 100%|██████████████████████████████████████████████████████████████████████████████████████████████████| 200/200 [01:20<00:00,  2.49it/s, loss=4.97]
(LR): 100%|█████████████████████████████████████████████████████████████████████████████████████| 200/200 [00:00<00:00, best test F1Mi=0.537, F1Ma=0.435]
(T): 100%|██████████████████████████████████████████████████████████████████████████████████████████████████| 200/200 [01:19<00:00,  2.51it/s, loss=4.95]
(LR): 100%|██████████████████████████████████████████████████████████████████████████████████████| 200/200 [00:00<00:00, best test F1Mi=0.64, F1Ma=0.548]
(T): 100%|██████████████████████████████████████████████████████████████████████████████████████████████████| 200/200 [01:20<00:00,  2.48it/s, loss=5.06]
(LR): 100%|█████████████████████████████████████████████████████████████████████████████████████| 200/200 [00:00<00:00, best test F1Mi=0.559, F1Ma=0.435]
(T): 100%|██████████████████████████████████████████████████████████████████████████████████████████████████| 200/200 [01:19<00:00,  2.51it/s, loss=4.99]
(LR): 100%|██████████████████████████████████████████████████████████████████████████████████████| 200/200 [00:00<00:00, best test F1Mi=0.57, F1Ma=0.424]
(T): 100%|██████████████████████████████████████████████████████████████████████████████████████████████████| 200/200 [01:20<00:00,  2.49it/s, loss=5.01]
(LR): 100%|██████████████████████████████████████████████████████████████████████████████████████| 200/200 [00:00<00:00, best test F1Mi=0.621, F1Ma=0.48]
(T): 100%|██████████████████████████████████████████████████████████████████████████████████████████████████| 200/200 [01:18<00:00,  2.55it/s, loss=5.02]
(LR): 100%|█████████████████████████████████████████████████████████████████████████████████████| 200/200 [00:00<00:00, best test F1Mi=0.562, F1Ma=0.424]
(T): 100%|██████████████████████████████████████████████████████████████████████████████████████████████████| 200/200 [01:17<00:00,  2.57it/s, loss=4.92]
(LR): 100%|█████████████████████████████████████████████████████████████████████████████████████| 200/200 [00:00<00:00, best test F1Mi=0.548, F1Ma=0.431]
(T): 100%|██████████████████████████████████████████████████████████████████████████████████████████████████| 200/200 [01:17<00:00,  2.57it/s, loss=5.03]
(LR): 100%|█████████████████████████████████████████████████████████████████████████████████████| 200/200 [00:00<00:00, best test F1Mi=0.566, F1Ma=0.448]
(T): 100%|██████████████████████████████████████████████████████████████████████████████████████████████████| 200/200 [01:20<00:00,  2.48it/s, loss=5.07]
(LR): 100%|█████████████████████████████████████████████████████████████████████████████████████| 200/200 [00:00<00:00, best test F1Mi=0.614, F1Ma=0.499]
(T): 100%|██████████████████████████████████████████████████████████████████████████████████████████████████| 200/200 [01:21<00:00,  2.47it/s, loss=5.07]
(LR): 100%|█████████████████████████████████████████████████████████████████████████████████████| 200/200 [00:00<00:00, best test F1Mi=0.574, F1Ma=0.478]
(T): 100%|██████████████████████████████████████████████████████████████████████████████████████████████████| 200/200 [01:20<00:00,  2.49it/s, loss=5.01]
(LR): 100%|██████████████████████████████████████████████████████████████████████████████████████| 200/200 [00:00<00:00, best test F1Mi=0.588, F1Ma=0.44]
(T): 100%|██████████████████████████████████████████████████████████████████████████████████████████████████| 200/200 [01:20<00:00,  2.49it/s, loss=5.04]
(LR): 100%|█████████████████████████████████████████████████████████████████████████████████████| 200/200 [00:00<00:00, best test F1Mi=0.721, F1Ma=0.586]
(T): 100%|██████████████████████████████████████████████████████████████████████████████████████████████████| 200/200 [01:21<00:00,  2.47it/s, loss=5.13]
(LR): 100%|██████████████████████████████████████████████████████████████████████████████████████| 200/200 [00:00<00:00, best test F1Mi=0.574, F1Ma=0.42]
(T): 100%|██████████████████████████████████████████████████████████████████████████████████████████████████| 200/200 [01:19<00:00,  2.51it/s, loss=5.04]
(LR): 100%|█████████████████████████████████████████████████████████████████████████████████████| 200/200 [00:00<00:00, best test F1Mi=0.603, F1Ma=0.444]
(T): 100%|██████████████████████████████████████████████████████████████████████████████████████████████████| 200/200 [01:20<00:00,  2.49it/s, loss=5.02]
(LR): 100%|█████████████████████████████████████████████████████████████████████████████████████| 200/200 [00:00<00:00, best test F1Mi=0.658, F1Ma=0.571]
(T): 100%|██████████████████████████████████████████████████████████████████████████████████████████████████| 200/200 [01:18<00:00,  2.53it/s, loss=4.99]
(LR): 100%|██████████████████████████████████████████████████████████████████████████████████████| 200/200 [00:00<00:00, best test F1Mi=0.636, F1Ma=0.47]
(T): 100%|█████████████████████████████████████████████████████████████████████████████████████████████████████| 200/200 [01:19<00:00,  2.51it/s, loss=5]
(LR): 100%|█████████████████████████████████████████████████████████████████████████████████████| 200/200 [00:00<00:00, best test F1Mi=0.669, F1Ma=0.546]
Here are baseline-noFM results.
aug=[A.EdgeRemoving(pe=0.1), A.NodeDropping(pn=0.1)]
====================================================================================
(E): Best test F1Mi=0.5625, F1Ma=0.4430
aug=[A.EdgeRemoving(pe=0.1), A.NodeDropping(pn=0.2)]
====================================================================================
(E): Best test F1Mi=0.5110, F1Ma=0.3949
aug=[A.EdgeRemoving(pe=0.1), A.NodeDropping(pn=0.3)]
====================================================================================
(E): Best test F1Mi=0.5478, F1Ma=0.4353
aug=[A.EdgeRemoving(pe=0.1), A.NodeDropping(pn=0.4)]
====================================================================================
(E): Best test F1Mi=0.5919, F1Ma=0.4900
aug=[A.EdgeRemoving(pe=0.1), A.NodeDropping(pn=0.5)]
====================================================================================
(E): Best test F1Mi=0.6066, F1Ma=0.4650
aug=[A.EdgeRemoving(pe=0.2), A.NodeDropping(pn=0.1)]
====================================================================================
(E): Best test F1Mi=0.5956, F1Ma=0.4561
aug=[A.EdgeRemoving(pe=0.2), A.NodeDropping(pn=0.2)]
====================================================================================
(E): Best test F1Mi=0.5441, F1Ma=0.4613
aug=[A.EdgeRemoving(pe=0.2), A.NodeDropping(pn=0.3)]
====================================================================================
(E): Best test F1Mi=0.5956, F1Ma=0.4604
aug=[A.EdgeRemoving(pe=0.2), A.NodeDropping(pn=0.4)]
====================================================================================
(E): Best test F1Mi=0.5368, F1Ma=0.4349
aug=[A.EdgeRemoving(pe=0.2), A.NodeDropping(pn=0.5)]
====================================================================================
(E): Best test F1Mi=0.6397, F1Ma=0.5480
aug=[A.EdgeRemoving(pe=0.3), A.NodeDropping(pn=0.1)]
====================================================================================
(E): Best test F1Mi=0.5588, F1Ma=0.4346
aug=[A.EdgeRemoving(pe=0.3), A.NodeDropping(pn=0.2)]
====================================================================================
(E): Best test F1Mi=0.5699, F1Ma=0.4238
aug=[A.EdgeRemoving(pe=0.3), A.NodeDropping(pn=0.3)]
====================================================================================
(E): Best test F1Mi=0.6213, F1Ma=0.4796
aug=[A.EdgeRemoving(pe=0.3), A.NodeDropping(pn=0.4)]
====================================================================================
(E): Best test F1Mi=0.5625, F1Ma=0.4235
aug=[A.EdgeRemoving(pe=0.3), A.NodeDropping(pn=0.5)]
====================================================================================
(E): Best test F1Mi=0.5478, F1Ma=0.4310
aug=[A.EdgeRemoving(pe=0.4), A.NodeDropping(pn=0.1)]
====================================================================================
(E): Best test F1Mi=0.5662, F1Ma=0.4475
aug=[A.EdgeRemoving(pe=0.4), A.NodeDropping(pn=0.2)]
====================================================================================
(E): Best test F1Mi=0.6140, F1Ma=0.4988
aug=[A.EdgeRemoving(pe=0.4), A.NodeDropping(pn=0.3)]
====================================================================================
(E): Best test F1Mi=0.5735, F1Ma=0.4779
aug=[A.EdgeRemoving(pe=0.4), A.NodeDropping(pn=0.4)]
====================================================================================
(E): Best test F1Mi=0.5882, F1Ma=0.4398
aug=[A.EdgeRemoving(pe=0.4), A.NodeDropping(pn=0.5)]
====================================================================================
(E): Best test F1Mi=0.7206, F1Ma=0.5857
aug=[A.EdgeRemoving(pe=0.5), A.NodeDropping(pn=0.1)]
====================================================================================
(E): Best test F1Mi=0.5735, F1Ma=0.4201
aug=[A.EdgeRemoving(pe=0.5), A.NodeDropping(pn=0.2)]
====================================================================================
(E): Best test F1Mi=0.6029, F1Ma=0.4443
aug=[A.EdgeRemoving(pe=0.5), A.NodeDropping(pn=0.3)]
====================================================================================
(E): Best test F1Mi=0.6581, F1Ma=0.5707
aug=[A.EdgeRemoving(pe=0.5), A.NodeDropping(pn=0.4)]
====================================================================================
(E): Best test F1Mi=0.6360, F1Ma=0.4701
aug=[A.EdgeRemoving(pe=0.5), A.NodeDropping(pn=0.5)]
====================================================================================
(E): Best test F1Mi=0.6691, F1Ma=0.5463
