Best result for ER+ND+FM.
aug=[A.EdgeRemoving(pe=0.6), A.NodeDropping(pn=0.7), A.FeatureMasking(pf=0.3)]
====================================================================================
epoch=200, loss=5.6024017333984375
epoch=400, loss=5.3347063064575195
epoch=600, loss=5.17015266418457
epoch=800, loss=5.056369304656982
epoch=1000, loss=5.068202972412109
(E): Best test F1Mi=0.8199, F1Ma=0.7922
epoch=200, loss=5.556450366973877
epoch=400, loss=5.291743278503418
epoch=600, loss=5.107566833496094
epoch=800, loss=5.089357376098633
epoch=1000, loss=5.039784908294678
(E): Best test F1Mi=0.8272, F1Ma=0.7988
epoch=200, loss=5.679497718811035
epoch=400, loss=5.286419868469238
epoch=600, loss=5.1074419021606445
epoch=800, loss=5.040821075439453
epoch=1000, loss=5.00833797454834
(E): Best test F1Mi=0.7978, F1Ma=0.7850
epoch=200, loss=5.490927696228027
epoch=400, loss=5.252556800842285
epoch=600, loss=5.193850994110107
epoch=800, loss=5.099663257598877
epoch=1000, loss=5.0506086349487305
(E): Best test F1Mi=0.7757, F1Ma=0.7561
epoch=200, loss=5.59565544128418
epoch=400, loss=5.314572334289551
epoch=600, loss=5.113054275512695
epoch=800, loss=5.10499382019043
epoch=1000, loss=5.058050632476807
(E): Best test F1Mi=0.8199, F1Ma=0.7879
epoch=200, loss=5.5627970695495605
epoch=400, loss=5.382925033569336
epoch=600, loss=5.1794304847717285
epoch=800, loss=5.115445137023926
epoch=1000, loss=5.07121467590332
(E): Best test F1Mi=0.7647, F1Ma=0.7305
epoch=200, loss=5.709004878997803
epoch=400, loss=5.346355438232422
epoch=600, loss=5.222840309143066
epoch=800, loss=5.10248327255249
epoch=1000, loss=5.018882751464844
(E): Best test F1Mi=0.7904, F1Ma=0.7641
epoch=200, loss=5.52131462097168
epoch=400, loss=5.372228622436523
epoch=600, loss=5.123135089874268
epoch=800, loss=5.081295013427734
epoch=1000, loss=5.048246383666992
(E): Best test F1Mi=0.7868, F1Ma=0.7683
epoch=200, loss=5.704593658447266
epoch=400, loss=5.3858642578125
epoch=600, loss=5.225190162658691
epoch=800, loss=5.107251167297363
epoch=1000, loss=5.013186931610107
(E): Best test F1Mi=0.8566, F1Ma=0.8273
epoch=200, loss=5.800404071807861
epoch=400, loss=5.425993919372559
epoch=600, loss=5.169395446777344
epoch=800, loss=5.107795238494873
epoch=1000, loss=4.991698265075684
(E): Best test F1Mi=0.7463, F1Ma=0.7242
----------------------------------------------------------------------------------------------------
Average accuracy:[0.7985]
Mean:[79.8529]
Std :[3.1144]
====================================================================================================
