Best result for ER+ND.
aug=[A.EdgeRemoving(pe=0.4), A.NodeDropping(pn=0.5)]
====================================================================================
epoch=200, loss=5.033176422119141
epoch=400, loss=4.681793212890625
epoch=600, loss=4.5502543449401855
epoch=800, loss=4.504608154296875
epoch=1000, loss=4.460110664367676
(E): Best test F1Mi=0.7022, F1Ma=0.6804
epoch=200, loss=5.099102973937988
epoch=400, loss=4.699705123901367
epoch=600, loss=4.583579063415527
epoch=800, loss=4.519217491149902
epoch=1000, loss=4.4950056076049805
(E): Best test F1Mi=0.7500, F1Ma=0.7415
epoch=200, loss=4.944607734680176
epoch=400, loss=4.639755725860596
epoch=600, loss=4.598670959472656
epoch=800, loss=4.466406345367432
epoch=1000, loss=4.431983947753906
(E): Best test F1Mi=0.7132, F1Ma=0.6918
epoch=200, loss=4.973982810974121
epoch=400, loss=4.642655849456787
epoch=600, loss=4.565194606781006
epoch=800, loss=4.497646331787109
epoch=1000, loss=4.442342758178711
(E): Best test F1Mi=0.6728, F1Ma=0.6651
epoch=200, loss=5.002059459686279
epoch=400, loss=4.606863975524902
epoch=600, loss=4.530551433563232
epoch=800, loss=4.4697794914245605
epoch=1000, loss=4.436161041259766
(E): Best test F1Mi=0.6066, F1Ma=0.5379
----------------------------------------------------------------------------------------------------
Average accuracy:[0.3445]
Mean:[68.8971]
Std :[4.8025]
====================================================================================================
